#
# There is insufficient memory for the Java Runtime Environment to continue.
# Native memory allocation (malloc) failed to allocate 67216 bytes for Chunk::new
# Possible reasons:
#   The system is out of physical RAM or swap space
#   In 32 bit mode, the process size limit was hit
# Possible solutions:
#   Reduce memory load on the system
#   Increase physical memory or swap space
#   Check if swap backing store is full
#   Use 64 bit Java on a 64 bit OS
#   Decrease Java heap size (-Xmx/-Xms)
#   Decrease number of Java threads
#   Decrease Java thread stack sizes (-Xss)
#   Set larger code cache with -XX:ReservedCodeCacheSize=
# This output file may be truncated or incomplete.
#
#  Out of Memory Error (allocation.cpp:390), pid=17568, tid=7260
#
# JRE version: Java(TM) SE Runtime Environment (8.0_31-b13) (build 1.8.0_31-b13)
# Java VM: Java HotSpot(TM) 64-Bit Server VM (25.31-b07 mixed mode windows-amd64 compressed oops)
# Failed to write core dump. Minidumps are not enabled by default on client versions of Windows
#

---------------  T H R E A D  ---------------

Current thread (0x0000000016fec800):  JavaThread "C2 CompilerThread1" daemon [_thread_in_native, id=7260, stack(0x00000000176c0000,0x00000000177c0000)]

Stack: [0x00000000176c0000,0x00000000177c0000]
Native frames: (J=compiled Java code, j=interpreted, Vv=VM code, C=native code)
V  [jvm.dll+0x3169ba]
V  [jvm.dll+0x2674c3]
V  [jvm.dll+0x268103]
V  [jvm.dll+0x25f8f5]
V  [jvm.dll+0xbf025]
V  [jvm.dll+0xbf4cc]
V  [jvm.dll+0x4798bc]
V  [jvm.dll+0x446e60]
V  [jvm.dll+0x451bce]
V  [jvm.dll+0x4541b8]
V  [jvm.dll+0x437c62]
V  [jvm.dll+0x988e2]
V  [jvm.dll+0x990d3]
V  [jvm.dll+0x22c194]
V  [jvm.dll+0x28576a]
C  [msvcr100.dll+0x21d9f]
C  [msvcr100.dll+0x21e3b]
C  [KERNEL32.DLL+0x18102]
C  [ntdll.dll+0x5c2e4]


Current CompileTask:
C2:1284089 9459       4       java.util.zip.ZipCoder::getBytes (192 bytes)


---------------  P R O C E S S  ---------------

Java Threads: ( => current thread )
  0x000000001b71f800 JavaThread "Forward streams with process: command 'C:\Program Files\Java\jdk1.8.0_31\bin\java.exe' Thread 3" [_thread_in_native, id=4252, stack(0x0000000027620000,0x0000000027720000)]
  0x000000001b718800 JavaThread "Forward streams with process: command 'C:\Program Files\Java\jdk1.8.0_31\bin\java.exe' Thread 2" [_thread_in_native, id=17368, stack(0x0000000027520000,0x0000000027620000)]
  0x000000001b71e000 JavaThread "Forward streams with process: command 'C:\Program Files\Java\jdk1.8.0_31\bin\java.exe'" [_thread_blocked, id=3696, stack(0x0000000027420000,0x0000000027520000)]
  0x000000001b71e800 JavaThread "Forward streams with process: command 'C:\Program Files\Java\jdk1.8.0_31\bin\java.exe' Thread 3" [_thread_in_native, id=17868, stack(0x0000000027220000,0x0000000027320000)]
  0x000000001b718000 JavaThread "Forward streams with process: command 'C:\Program Files\Java\jdk1.8.0_31\bin\java.exe' Thread 2" [_thread_in_native, id=16652, stack(0x0000000027120000,0x0000000027220000)]
  0x000000001b71c800 JavaThread "Forward streams with process: command 'C:\Program Files\Java\jdk1.8.0_31\bin\java.exe'" [_thread_blocked, id=5116, stack(0x0000000027020000,0x0000000027120000)]
  0x000000001b716800 JavaThread "Forward streams with process: command 'C:\Program Files\Java\jdk1.8.0_31\bin\java.exe' Thread 2" [_thread_in_native, id=12028, stack(0x0000000026e20000,0x0000000026f20000)]
  0x000000001b717000 JavaThread "Forward streams with process: command 'C:\Program Files\Java\jdk1.8.0_31\bin\java.exe'" [_thread_in_native, id=7224, stack(0x0000000026d20000,0x0000000026e20000)]
  0x000000001b71b000 JavaThread "Run command 'C:\Program Files\Java\jdk1.8.0_31\bin\java.exe'" [_thread_in_native, id=11216, stack(0x0000000026b20000,0x0000000026c20000)]
  0x000000001b71b800 JavaThread "Run command 'C:\Program Files\Java\jdk1.8.0_31\bin\java.exe'" [_thread_in_native, id=8904, stack(0x0000000026a20000,0x0000000026b20000)]
  0x000000001a9d4800 JavaThread "Run command 'C:\Program Files\Java\jdk1.8.0_31\bin\java.exe'" [_thread_in_native, id=9728, stack(0x0000000026820000,0x0000000026920000)]
  0x000000001a9d1800 JavaThread "Run command 'C:\Program Files\Java\jdk1.8.0_31\bin\java.exe'" [_thread_in_native, id=16480, stack(0x0000000026720000,0x0000000026820000)]
  0x000000001a9d3000 JavaThread "pool-2-thread-6" [_thread_blocked, id=20460, stack(0x0000000026620000,0x0000000026720000)]
  0x000000001a9d4000 JavaThread "pool-2-thread-5" [_thread_blocked, id=16516, stack(0x0000000026520000,0x0000000026620000)]
  0x000000001a9d2800 JavaThread "pool-2-thread-4" [_thread_blocked, id=9996, stack(0x0000000026420000,0x0000000026520000)]
  0x000000001a9d1000 JavaThread "pool-2-thread-3" [_thread_blocked, id=2516, stack(0x0000000026320000,0x0000000026420000)]
  0x000000001a9d7000 JavaThread "pool-2-thread-2" [_thread_blocked, id=20256, stack(0x0000000026220000,0x0000000026320000)]
  0x000000001a9d6000 JavaThread "pool-2-thread-1" [_thread_blocked, id=19680, stack(0x0000000025c20000,0x0000000025d20000)]
  0x000000001a9d0000 JavaThread "Stdin handler" [_thread_blocked, id=3080, stack(0x0000000025b20000,0x0000000025c20000)]
  0x00000000172c2800 JavaThread "Daemon worker Thread 2" [_thread_in_native, id=4944, stack(0x0000000025a20000,0x0000000025b20000)]
  0x00000000172c1000 JavaThread "Cancel handler" [_thread_blocked, id=8856, stack(0x0000000025920000,0x0000000025a20000)]
  0x00000000172bf800 JavaThread "Handler for socket connection from /127.0.0.1:61158 to /127.0.0.1:63204" [_thread_in_native, id=13160, stack(0x0000000025820000,0x0000000025920000)]
  0x00000000172c0000 JavaThread "Daemon Thread 2" [_thread_blocked, id=6400, stack(0x0000000025720000,0x0000000025820000)]
  0x000000001ae52800 JavaThread "File lock request listener" [_thread_in_native, id=19560, stack(0x000000001c610000,0x000000001c710000)]
  0x00000000187ce800 JavaThread "Incoming local TCP Connector on port 61158" [_thread_in_native, id=16540, stack(0x0000000019770000,0x0000000019870000)]
  0x0000000017087800 JavaThread "Service Thread" daemon [_thread_blocked, id=17816, stack(0x00000000179c0000,0x0000000017ac0000)]
  0x0000000016ffe000 JavaThread "C1 CompilerThread3" daemon [_thread_in_vm, id=6696, stack(0x00000000178c0000,0x00000000179c0000)]
  0x0000000016fed800 JavaThread "C2 CompilerThread2" daemon [_thread_in_native, id=18448, stack(0x00000000177c0000,0x00000000178c0000)]
=>0x0000000016fec800 JavaThread "C2 CompilerThread1" daemon [_thread_in_native, id=7260, stack(0x00000000176c0000,0x00000000177c0000)]
  0x0000000016fe6800 JavaThread "C2 CompilerThread0" daemon [_thread_blocked, id=12360, stack(0x00000000175c0000,0x00000000176c0000)]
  0x0000000016fe5000 JavaThread "Attach Listener" daemon [_thread_blocked, id=10244, stack(0x00000000174c0000,0x00000000175c0000)]
  0x0000000016fe4800 JavaThread "Signal Dispatcher" daemon [_thread_blocked, id=14648, stack(0x00000000173c0000,0x00000000174c0000)]
  0x0000000001038800 JavaThread "Finalizer" daemon [_thread_blocked, id=17540, stack(0x0000000016ec0000,0x0000000016fc0000)]
  0x0000000014feb800 JavaThread "Reference Handler" daemon [_thread_blocked, id=9168, stack(0x0000000016dc0000,0x0000000016ec0000)]
  0x0000000000a8e800 JavaThread "main" [_thread_blocked, id=11328, stack(0x0000000000dc0000,0x0000000000ec0000)]

Other Threads:
  0x0000000014fe7800 VMThread [stack: 0x0000000016cc0000,0x0000000016dc0000] [id=10308]
  0x0000000017088800 WatcherThread [stack: 0x0000000017ac0000,0x0000000017bc0000] [id=17092]

VM state:at safepoint (normal execution)

VM Mutex/Monitor currently owned by a thread:  ([mutex/lock_event])
[0x0000000000a8dd90] Threads_lock - owner thread: 0x0000000014fe7800

Heap:
 PSYoungGen      total 170496K, used 126356K [0x00000000eab00000, 0x00000000f9300000, 0x0000000100000000)
  eden space 163328K, 73% used [0x00000000eab00000,0x00000000f1faaab0,0x00000000f4a80000)
  from space 7168K, 96% used [0x00000000f8c00000,0x00000000f92ba6d0,0x00000000f9300000)
  to   space 22528K, 0% used [0x00000000f6700000,0x00000000f6700000,0x00000000f7d00000)
 ParOldGen       total 107520K, used 38125K [0x00000000c0000000, 0x00000000c6900000, 0x00000000eab00000)
  object space 107520K, 35% used [0x00000000c0000000,0x00000000c253b630,0x00000000c6900000)
 Metaspace       used 53887K, capacity 56064K, committed 56320K, reserved 1097728K
  class space    used 7293K, capacity 7830K, committed 7936K, reserved 1048576K

Card table byte_map: [0x0000000001400000,0x0000000001610000] byte_map_base: 0x0000000000e00000

Marking Bits: (ParMarkBitMap*) 0x00000000678ed4f0
 Begin Bits: [0x0000000012400000, 0x0000000013400000)
 End Bits:   [0x0000000013400000, 0x0000000014400000)

Polling page: 0x00000000004a0000

CodeCache: size=245760Kb used=28455Kb max_used=28522Kb free=217304Kb
 bounds [0x0000000003400000, 0x0000000005000000, 0x0000000012400000]
 total_blobs=8697 nmethods=7972 adapters=637
 compilation: enabled

Compilation events (10 events):
Event: 1283.385 Thread 0x0000000016ffe000 nmethod 9456 0x00000000036d2f10 code [0x00000000036d3060, 0x00000000036d3170]
Event: 1283.813 Thread 0x0000000016ffe000 9457       1       java.lang.StackTraceElement::getClassName (5 bytes)
Event: 1283.813 Thread 0x0000000016ffe000 nmethod 9457 0x00000000035202d0 code [0x0000000003520420, 0x0000000003520530]
Event: 1283.814 Thread 0x0000000016fed800 9458       4       java.nio.charset.CharsetEncoder::reset (11 bytes)
Event: 1283.814 Thread 0x0000000016fed800 nmethod 9458 0x00000000036d2c90 code [0x00000000036d2de0, 0x00000000036d2e78]
Event: 1283.815 Thread 0x0000000016fec800 9459       4       java.util.zip.ZipCoder::getBytes (192 bytes)
Event: 1283.815 Thread 0x0000000016fe6800 9460       4       java.util.zip.ZipCoder::encoder (35 bytes)
Event: 1283.820 Thread 0x0000000016fe6800 nmethod 9460 0x0000000003903ed0 code [0x0000000003904040, 0x00000000039041c8]
Event: 1283.821 Thread 0x0000000016fed800 9461       4       org.gradle.logging.internal.AbstractLineChoppingStyledTextOutput::doAppend (142 bytes)
Event: 1283.824 Thread 0x0000000016ffe000 9462   !   3       sun.nio.ch.SelectorImpl::lockAndDoSelect (72 bytes)

GC Heap History (10 events):
Event: 9.284 GC heap before
{Heap before GC invocations=13 (full 2):
 PSYoungGen      total 150528K, used 136704K [0x00000000eab00000, 0x00000000f5680000, 0x0000000100000000)
  eden space 136704K, 100% used [0x00000000eab00000,0x00000000f3080000,0x00000000f3080000)
  from space 13824K, 0% used [0x00000000f4000000,0x00000000f4000000,0x00000000f4d80000)
  to   space 15872K, 0% used [0x00000000f3080000,0x00000000f3080000,0x00000000f4000000)
 ParOldGen       total 107520K, used 19269K [0x00000000c0000000, 0x00000000c6900000, 0x00000000eab00000)
  object space 107520K, 17% used [0x00000000c0000000,0x00000000c12d1718,0x00000000c6900000)
 Metaspace       used 40000K, capacity 40958K, committed 40960K, reserved 1085440K
  class space    used 5440K, capacity 5630K, committed 5632K, reserved 1048576K
Event: 9.300 GC heap after
Heap after GC invocations=13 (full 2):
 PSYoungGen      total 152576K, used 15860K [0x00000000eab00000, 0x00000000f7880000, 0x0000000100000000)
  eden space 136704K, 0% used [0x00000000eab00000,0x00000000eab00000,0x00000000f3080000)
  from space 15872K, 99% used [0x00000000f3080000,0x00000000f3ffd120,0x00000000f4000000)
  to   space 18944K, 0% used [0x00000000f6600000,0x00000000f6600000,0x00000000f7880000)
 ParOldGen       total 107520K, used 20708K [0x00000000c0000000, 0x00000000c6900000, 0x00000000eab00000)
  object space 107520K, 19% used [0x00000000c0000000,0x00000000c14393d0,0x00000000c6900000)
 Metaspace       used 40000K, capacity 40958K, committed 40960K, reserved 1085440K
  class space    used 5440K, capacity 5630K, committed 5632K, reserved 1048576K
}
Event: 9.978 GC heap before
{Heap before GC invocations=14 (full 2):
 PSYoungGen      total 152576K, used 97077K [0x00000000eab00000, 0x00000000f7880000, 0x0000000100000000)
  eden space 136704K, 59% used [0x00000000eab00000,0x00000000efa503c8,0x00000000f3080000)
  from space 15872K, 99% used [0x00000000f3080000,0x00000000f3ffd120,0x00000000f4000000)
  to   space 18944K, 0% used [0x00000000f6600000,0x00000000f6600000,0x00000000f7880000)
 ParOldGen       total 107520K, used 20708K [0x00000000c0000000, 0x00000000c6900000, 0x00000000eab00000)
  object space 107520K, 19% used [0x00000000c0000000,0x00000000c14393d0,0x00000000c6900000)
 Metaspace       used 42688K, capacity 44230K, committed 44544K, reserved 1087488K
  class space    used 5905K, capacity 6284K, committed 6400K, reserved 1048576K
Event: 10.004 GC heap after
Heap after GC invocations=14 (full 2):
 PSYoungGen      total 187392K, used 18934K [0x00000000eab00000, 0x00000000f8080000, 0x0000000100000000)
  eden space 168448K, 0% used [0x00000000eab00000,0x00000000eab00000,0x00000000f4f80000)
  from space 18944K, 99% used [0x00000000f6600000,0x00000000f787d928,0x00000000f7880000)
  to   space 23040K, 0% used [0x00000000f4f80000,0x00000000f4f80000,0x00000000f6600000)
 ParOldGen       total 107520K, used 23926K [0x00000000c0000000, 0x00000000c6900000, 0x00000000eab00000)
  object space 107520K, 22% used [0x00000000c0000000,0x00000000c175daa8,0x00000000c6900000)
 Metaspace       used 42688K, capacity 44230K, committed 44544K, reserved 1087488K
  class space    used 5905K, capacity 6284K, committed 6400K, reserved 1048576K
}
Event: 10.004 GC heap before
{Heap before GC invocations=15 (full 3):
 PSYoungGen      total 187392K, used 18934K [0x00000000eab00000, 0x00000000f8080000, 0x0000000100000000)
  eden space 168448K, 0% used [0x00000000eab00000,0x00000000eab00000,0x00000000f4f80000)
  from space 18944K, 99% used [0x00000000f6600000,0x00000000f787d928,0x00000000f7880000)
  to   space 23040K, 0% used [0x00000000f4f80000,0x00000000f4f80000,0x00000000f6600000)
 ParOldGen       total 107520K, used 23926K [0x00000000c0000000, 0x00000000c6900000, 0x00000000eab00000)
  object space 107520K, 22% used [0x00000000c0000000,0x00000000c175daa8,0x00000000c6900000)
 Metaspace       used 42688K, capacity 44230K, committed 44544K, reserved 1087488K
  class space    used 5905K, capacity 6284K, committed 6400K, reserved 1048576K
Event: 10.249 GC heap after
Heap after GC invocations=15 (full 3):
 PSYoungGen      total 187392K, used 0K [0x00000000eab00000, 0x00000000f8080000, 0x0000000100000000)
  eden space 168448K, 0% used [0x00000000eab00000,0x00000000eab00000,0x00000000f4f80000)
  from space 18944K, 0% used [0x00000000f6600000,0x00000000f6600000,0x00000000f7880000)
  to   space 23040K, 0% used [0x00000000f4f80000,0x00000000f4f80000,0x00000000f6600000)
 ParOldGen       total 107520K, used 38109K [0x00000000c0000000, 0x00000000c6900000, 0x00000000eab00000)
  object space 107520K, 35% used [0x00000000c0000000,0x00000000c2537630,0x00000000c6900000)
 Metaspace       used 42688K, capacity 44230K, committed 44544K, reserved 1087488K
  class space    used 5905K, capacity 6284K, committed 6400K, reserved 1048576K
}
Event: 17.180 GC heap before
{Heap before GC invocations=16 (full 3):
 PSYoungGen      total 187392K, used 168448K [0x00000000eab00000, 0x00000000f8080000, 0x0000000100000000)
  eden space 168448K, 100% used [0x00000000eab00000,0x00000000f4f80000,0x00000000f4f80000)
  from space 18944K, 0% used [0x00000000f6600000,0x00000000f6600000,0x00000000f7880000)
  to   space 23040K, 0% used [0x00000000f4f80000,0x00000000f4f80000,0x00000000f6600000)
 ParOldGen       total 107520K, used 38109K [0x00000000c0000000, 0x00000000c6900000, 0x00000000eab00000)
  object space 107520K, 35% used [0x00000000c0000000,0x00000000c2537630,0x00000000c6900000)
 Metaspace       used 46549K, capacity 48578K, committed 48640K, reserved 1091584K
  class space    used 6383K, capacity 6900K, committed 6912K, reserved 1048576K
Event: 17.201 GC heap after
Heap after GC invocations=16 (full 3):
 PSYoungGen      total 191488K, used 14005K [0x00000000eab00000, 0x00000000fa300000, 0x0000000100000000)
  eden space 168448K, 0% used [0x00000000eab00000,0x00000000eab00000,0x00000000f4f80000)
  from space 23040K, 60% used [0x00000000f4f80000,0x00000000f5d2d7e8,0x00000000f6600000)
  to   space 23552K, 0% used [0x00000000f8c00000,0x00000000f8c00000,0x00000000fa300000)
 ParOldGen       total 107520K, used 38117K [0x00000000c0000000, 0x00000000c6900000, 0x00000000eab00000)
  object space 107520K, 35% used [0x00000000c0000000,0x00000000c2539630,0x00000000c6900000)
 Metaspace       used 46549K, capacity 48578K, committed 48640K, reserved 1091584K
  class space    used 6383K, capacity 6900K, committed 6912K, reserved 1048576K
}
Event: 1270.937 GC heap before
{Heap before GC invocations=17 (full 3):
 PSYoungGen      total 191488K, used 182453K [0x00000000eab00000, 0x00000000fa300000, 0x0000000100000000)
  eden space 168448K, 100% used [0x00000000eab00000,0x00000000f4f80000,0x00000000f4f80000)
  from space 23040K, 60% used [0x00000000f4f80000,0x00000000f5d2d7e8,0x00000000f6600000)
  to   space 23552K, 0% used [0x00000000f8c00000,0x00000000f8c00000,0x00000000fa300000)
 ParOldGen       total 107520K, used 38117K [0x00000000c0000000, 0x00000000c6900000, 0x00000000eab00000)
  object space 107520K, 35% used [0x00000000c0000000,0x00000000c2539630,0x00000000c6900000)
 Metaspace       used 48341K, capacity 50436K, committed 50688K, reserved 1093632K
  class space    used 6618K, capacity 7116K, committed 7168K, reserved 1048576K
Event: 1270.974 GC heap after
Heap after GC invocations=17 (full 3):
 PSYoungGen      total 170496K, used 6889K [0x00000000eab00000, 0x00000000f9300000, 0x0000000100000000)
  eden space 163328K, 0% used [0x00000000eab00000,0x00000000eab00000,0x00000000f4a80000)
  from space 7168K, 96% used [0x00000000f8c00000,0x00000000f92ba6d0,0x00000000f9300000)
  to   space 22528K, 0% used [0x00000000f6700000,0x00000000f6700000,0x00000000f7d00000)
 ParOldGen       total 107520K, used 38125K [0x00000000c0000000, 0x00000000c6900000, 0x00000000eab00000)
  object space 107520K, 35% used [0x00000000c0000000,0x00000000c253b630,0x00000000c6900000)
 Metaspace       used 48341K, capacity 50436K, committed 50688K, reserved 1093632K
  class space    used 6618K, capacity 7116K, committed 7168K, reserved 1048576K
}

Deoptimization events (10 events):
Event: 1277.427 Thread 0x00000000172c2800 Uncommon trap: reason=class_check action=maybe_recompile pc=0x0000000004139444 method=java.util.AbstractList$Itr.next()Ljava/lang/Object; @ 14
Event: 1277.427 Thread 0x00000000172c2800 Uncommon trap: reason=class_check action=maybe_recompile pc=0x0000000004091fd4 method=java.util.AbstractList$Itr.hasNext()Z @ 8
Event: 1277.427 Thread 0x00000000172c2800 Uncommon trap: reason=class_check action=maybe_recompile pc=0x0000000004139444 method=java.util.AbstractList$Itr.next()Ljava/lang/Object; @ 14
Event: 1277.427 Thread 0x00000000172c2800 Uncommon trap: reason=class_check action=maybe_recompile pc=0x0000000004091fd4 method=java.util.AbstractList$Itr.hasNext()Z @ 8
Event: 1277.427 Thread 0x00000000172c2800 Uncommon trap: reason=class_check action=maybe_recompile pc=0x0000000004139444 method=java.util.AbstractList$Itr.next()Ljava/lang/Object; @ 14
Event: 1277.551 Thread 0x000000001a9d1000 Uncommon trap: reason=unreached action=reinterpret pc=0x0000000003f0564c method=java.lang.ThreadLocal.get()Ljava/lang/Object; @ 11
Event: 1277.551 Thread 0x000000001a9d2800 Uncommon trap: reason=unreached action=reinterpret pc=0x0000000003f0564c method=java.lang.ThreadLocal.get()Ljava/lang/Object; @ 11
Event: 1277.551 Thread 0x000000001a9d7000 Uncommon trap: reason=unreached action=reinterpret pc=0x0000000003f0564c method=java.lang.ThreadLocal.get()Ljava/lang/Object; @ 11
Event: 1283.379 Thread 0x000000001a9d2800 Uncommon trap: reason=class_check action=maybe_recompile pc=0x0000000004df81d4 method=java.lang.StringCoding$StringDecoder.decode([BII)[C @ 30
Event: 1283.816 Thread 0x00000000172c2800 Uncommon trap: reason=bimorphic action=maybe_recompile pc=0x0000000003b3df1c method=org.gradle.logging.internal.AbstractStyledTextOutput.text(Ljava/lang/Object;)Lorg/gradle/logging/StyledTextOutput; @ 11

Internal exceptions (10 events):
Event: 1283.814 Thread 0x00000000172c2800 Exception <a 'java/security/PrivilegedActionException'> (0x00000000f1f18f68) thrown at [C:\workspace\8-2-build-windows-amd64-cygwin\jdk8u31\2394\hotspot\src\share\vm\prims\jvm.cpp, line 1312]
Event: 1283.814 Thread 0x00000000172c2800 Exception <a 'java/security/PrivilegedActionException'> (0x00000000f1f19d50) thrown at [C:\workspace\8-2-build-windows-amd64-cygwin\jdk8u31\2394\hotspot\src\share\vm\prims\jvm.cpp, line 1312]
Event: 1283.815 Thread 0x00000000172c2800 Exception <a 'java/security/PrivilegedActionException'> (0x00000000f1f1d508) thrown at [C:\workspace\8-2-build-windows-amd64-cygwin\jdk8u31\2394\hotspot\src\share\vm\prims\jvm.cpp, line 1312]
Event: 1283.815 Thread 0x00000000172c2800 Exception <a 'java/security/PrivilegedActionException'> (0x00000000f1f1e360) thrown at [C:\workspace\8-2-build-windows-amd64-cygwin\jdk8u31\2394\hotspot\src\share\vm\prims\jvm.cpp, line 1312]
Event: 1283.815 Thread 0x00000000172c2800 Exception <a 'java/security/PrivilegedActionException'> (0x00000000f1f21b70) thrown at [C:\workspace\8-2-build-windows-amd64-cygwin\jdk8u31\2394\hotspot\src\share\vm\prims\jvm.cpp, line 1312]
Event: 1283.815 Thread 0x00000000172c2800 Exception <a 'java/security/PrivilegedActionException'> (0x00000000f1f22ac8) thrown at [C:\workspace\8-2-build-windows-amd64-cygwin\jdk8u31\2394\hotspot\src\share\vm\prims\jvm.cpp, line 1312]
Event: 1283.816 Thread 0x00000000172c2800 Exception <a 'java/security/PrivilegedActionException'> (0x00000000f1f27198) thrown at [C:\workspace\8-2-build-windows-amd64-cygwin\jdk8u31\2394\hotspot\src\share\vm\prims\jvm.cpp, line 1312]
Event: 1283.816 Thread 0x00000000172c2800 Exception <a 'java/security/PrivilegedActionException'> (0x00000000f1f28008) thrown at [C:\workspace\8-2-build-windows-amd64-cygwin\jdk8u31\2394\hotspot\src\share\vm\prims\jvm.cpp, line 1312]
Event: 1283.822 Thread 0x00000000172c2800 Exception <a 'java/security/PrivilegedActionException'> (0x00000000f1f30ac0) thrown at [C:\workspace\8-2-build-windows-amd64-cygwin\jdk8u31\2394\hotspot\src\share\vm\prims\jvm.cpp, line 1312]
Event: 1283.822 Thread 0x00000000172c2800 Exception <a 'java/security/PrivilegedActionException'> (0x00000000f1f317e8) thrown at [C:\workspace\8-2-build-windows-amd64-cygwin\jdk8u31\2394\hotspot\src\share\vm\prims\jvm.cpp, line 1312]

Events (10 events):
Event: 1283.816 loading class org/gradle/logging/internal/LinePrefixingStyledTextOutput done
Event: 1283.817 Executing VM operation: Deoptimize
Event: 1283.818 Executing VM operation: Deoptimize done
Event: 1283.820 Thread 0x0000000016fe6800 flushing nmethod 0x0000000003bac550
Event: 1283.820 Thread 0x0000000016fe6800 flushing nmethod 0x0000000003bacbd0
Event: 1283.821 Thread 0x0000000016fe6800 flushing nmethod 0x0000000003c46d90
Event: 1283.821 Thread 0x0000000016fe6800 flushing nmethod 0x0000000003c60f10
Event: 1283.821 Thread 0x0000000016fe6800 flushing nmethod 0x0000000003c66050
Event: 1283.822 loading class org/gradle/BuildExceptionReporter$2
Event: 1283.822 loading class org/gradle/BuildExceptionReporter$2 done


Dynamic libraries:
0x00007ff64bef0000 - 0x00007ff64bf24000 	C:\Program Files\Java\jdk1.8.0_31\bin\java.exe
0x00007ff924940000 - 0x00007ff924b01000 	C:\WINDOWS\SYSTEM32\ntdll.dll
0x00007ff924890000 - 0x00007ff92493d000 	C:\WINDOWS\system32\KERNEL32.DLL
0x00007ff921b50000 - 0x00007ff921d38000 	C:\WINDOWS\system32\KERNELBASE.dll
0x00007ff923fc0000 - 0x00007ff924067000 	C:\WINDOWS\system32\ADVAPI32.dll
0x00007ff923f20000 - 0x00007ff923fbd000 	C:\WINDOWS\system32\msvcrt.dll
0x00007ff923e60000 - 0x00007ff923ebb000 	C:\WINDOWS\system32\sechost.dll
0x00007ff922450000 - 0x00007ff92256c000 	C:\WINDOWS\system32\RPCRT4.dll
0x00007ff9242f0000 - 0x00007ff924446000 	C:\WINDOWS\system32\USER32.dll
0x00007ff9225d0000 - 0x00007ff922756000 	C:\WINDOWS\system32\GDI32.dll
0x00007ff91af80000 - 0x00007ff91b1f4000 	C:\WINDOWS\WinSxS\amd64_microsoft.windows.common-controls_6595b64144ccf1df_6.0.10586.0_none_8c15ae12515e1c22\COMCTL32.dll
0x00007ff9221d0000 - 0x00007ff92244d000 	C:\WINDOWS\system32\combase.dll
0x00007ff9211b0000 - 0x00007ff92121a000 	C:\WINDOWS\system32\bcryptPrimitives.dll
0x00007ff922760000 - 0x00007ff92279b000 	C:\WINDOWS\system32\IMM32.DLL
0x0000000067970000 - 0x0000000067a42000 	C:\Program Files\Java\jdk1.8.0_31\jre\bin\msvcr100.dll
0x0000000067110000 - 0x000000006796a000 	C:\Program Files\Java\jdk1.8.0_31\jre\bin\server\jvm.dll
0x00007ff9242e0000 - 0x00007ff9242e8000 	C:\WINDOWS\system32\PSAPI.DLL
0x00007ff91f530000 - 0x00007ff91f553000 	C:\WINDOWS\SYSTEM32\WINMM.dll
0x00007ff912ee0000 - 0x00007ff912ee9000 	C:\WINDOWS\SYSTEM32\WSOCK32.dll
0x00007ff921fb0000 - 0x00007ff92201b000 	C:\WINDOWS\system32\WS2_32.dll
0x00007ff91f330000 - 0x00007ff91f35c000 	C:\WINDOWS\SYSTEM32\winmmbase.dll
0x00007ff920ff0000 - 0x00007ff921033000 	C:\WINDOWS\system32\cfgmgr32.dll
0x0000000067100000 - 0x000000006710f000 	C:\Program Files\Java\jdk1.8.0_31\jre\bin\verify.dll
0x00000000670d0000 - 0x00000000670f8000 	C:\Program Files\Java\jdk1.8.0_31\jre\bin\java.dll
0x00000000670b0000 - 0x00000000670c6000 	C:\Program Files\Java\jdk1.8.0_31\jre\bin\zip.dll
0x00007ff9227b0000 - 0x00007ff923d0f000 	C:\WINDOWS\system32\SHELL32.dll
0x00007ff921500000 - 0x00007ff921b44000 	C:\WINDOWS\system32\windows.storage.dll
0x00007ff922570000 - 0x00007ff9225c2000 	C:\WINDOWS\system32\shlwapi.dll
0x00007ff920fe0000 - 0x00007ff920fef000 	C:\WINDOWS\system32\kernel.appcore.dll
0x00007ff921040000 - 0x00007ff9210f5000 	C:\WINDOWS\system32\shcore.dll
0x00007ff920f60000 - 0x00007ff920fab000 	C:\WINDOWS\system32\powrprof.dll
0x00007ff920fb0000 - 0x00007ff920fc4000 	C:\WINDOWS\system32\profapi.dll
0x0000000067090000 - 0x00000000670aa000 	C:\Program Files\Java\jdk1.8.0_31\jre\bin\net.dll
0x00007ff920830000 - 0x00007ff92088c000 	C:\WINDOWS\system32\mswsock.dll
0x0000000067070000 - 0x0000000067081000 	C:\Program Files\Java\jdk1.8.0_31\jre\bin\nio.dll
0x00007ff9000a0000 - 0x00007ff9000b2000 	C:\Users\Sergio\.gradle\native\19\windows-amd64\native-platform.dll
0x00007ff91ebe0000 - 0x00007ff91ec18000 	C:\WINDOWS\SYSTEM32\IPHLPAPI.DLL
0x00007ff924450000 - 0x00007ff924458000 	C:\WINDOWS\system32\NSI.dll
0x00007ff91cf20000 - 0x00007ff91cf36000 	C:\WINDOWS\SYSTEM32\dhcpcsvc6.DLL
0x00007ff91cc60000 - 0x00007ff91cc7a000 	C:\WINDOWS\SYSTEM32\dhcpcsvc.DLL
0x00007ff9208e0000 - 0x00007ff9208f7000 	C:\WINDOWS\SYSTEM32\CRYPTSP.dll
0x00007ff920570000 - 0x00007ff9205a4000 	C:\WINDOWS\system32\rsaenh.dll
0x00007ff920e90000 - 0x00007ff920eb9000 	C:\WINDOWS\SYSTEM32\bcrypt.dll
0x00007ff9206c0000 - 0x00007ff9206df000 	C:\WINDOWS\SYSTEM32\USERENV.dll
0x00007ff920a00000 - 0x00007ff920a0b000 	C:\WINDOWS\SYSTEM32\CRYPTBASE.dll
0x0000000067060000 - 0x000000006706d000 	C:\Program Files\Java\jdk1.8.0_31\jre\bin\management.dll
0x00007ff91cd90000 - 0x00007ff91cf1c000 	C:\WINDOWS\SYSTEM32\dbghelp.dll

VM Arguments:
jvm_args: -XX:MaxPermSize=256m -XX:+HeapDumpOnOutOfMemoryError -Xmx1024m -Dfile.encoding=windows-1252 -Duser.country=ES -Duser.language=es -Duser.variant 
java_command: org.gradle.launcher.daemon.bootstrap.GradleDaemon 2.8
java_class_path (initial): C:\Users\Sergio\.gradle\wrapper\dists\gradle-2.8-all\ah86jmo43de9lfa8xg9ux3c4h\gradle-2.8\lib\gradle-launcher-2.8.jar
Launcher Type: SUN_STANDARD

Environment Variables:
PATH=C:\ProgramData\Oracle\Java\javapath;c:\Program Files (x86)\Intel\iCLS Client\;c:\Program Files\Intel\iCLS Client\;C:\WINDOWS\system32;C:\WINDOWS;C:\WINDOWS\System32\Wbem;C:\WINDOWS\System32\WindowsPowerShell\v1.0\;C:\Program Files (x86)\ATI Technologies\ATI.ACE\Core-Static;C:\Program Files (x86)\Windows Live\Shared;C:\Program Files (x86)\AMD\ATI.ACE\Core-Static;C:\Program Files (x86)\Skype\Phone\;C:\Program Files (x86)\MKVToolNix;C:\Program Files (x86)\Intel\Intel(R) Management Engine Components\DAL;C:\Program Files\Intel\Intel(R) Management Engine Components\DAL;C:\Program Files (x86)\Intel\Intel(R) Management Engine Components\IPT;C:\Program Files\Intel\Intel(R) Management Engine Components\IPT;C:\Program Files\Java\jre1.8.0_65\bin\;C:\WINDOWS\system32\config\systemprofile\.dnx\bin;C:\Program Files\Microsoft DNX\Dnvm\;C:\Program Files (x86)\MySQL\MySQL Fabric 1.5 & MySQL Utilities 1.5\;C:\Program Files (x86)\MySQL\MySQL Fabric 1.5 & MySQL Utilities 1.5\Doctrine extensions for PHP\;C:\Program Files\Microsoft SQL Server\120\DTS\Binn\;C:\Program Files\Microsoft SQL Server\Client SDK\ODBC\110\Tools\Binn\;C:\Program Files (x86)\Microsoft SQL Server\120\Tools\Binn\;C:\Program Files\Microsoft SQL Server\120\Tools\Binn\;C:\Program Files (x86)\Microsoft SQL Server\120\Tools\Binn\ManagementStudio\;C:\Program Files (x86)\Microsoft SQL Server\120\DTS\Binn\;C:\Program Files\MySQL\MySQL Server 5.7\bin
USERNAME=Sergio
OS=Windows_NT
PROCESSOR_IDENTIFIER=Intel64 Family 6 Model 60 Stepping 3, GenuineIntel



---------------  S Y S T E M  ---------------

OS: Windows 8.1 , 64 bit Build 9600 

CPU:total 8 (4 cores per cpu, 2 threads per core) family 6 model 60 stepping 3, cmov, cx8, fxsr, mmx, sse, sse2, sse3, ssse3, sse4.1, sse4.2, popcnt, avx, avx2, aes, clmul, erms, lzcnt, ht, tsc, tscinvbit, bmi1, bmi2

Memory: 4k page, physical 8326184k(1603920k free), swap 12520488k(3324k free)

vm_info: Java HotSpot(TM) 64-Bit Server VM (25.31-b07) for windows-amd64 JRE (1.8.0_31-b13), built on Dec 17 2014 21:00:28 by "java_re" with MS VC++ 10.0 (VS2010)

time: Tue Feb 02 14:58:28 2016
elapsed time: 1283 seconds (0d 0h 21m 23s)

